#! /c/Source/iverilog-install/bin/vvp
:ivl_version "12.0 (devel)" "(s20150603-1539-g2693dd32b)";
:ivl_delay_selection "TYPICAL";
:vpi_time_precision - 12;
:vpi_module "C:\iverilog\lib\ivl\system.vpi";
:vpi_module "C:\iverilog\lib\ivl\vhdl_sys.vpi";
:vpi_module "C:\iverilog\lib\ivl\vhdl_textio.vpi";
:vpi_module "C:\iverilog\lib\ivl\v2005_math.vpi";
:vpi_module "C:\iverilog\lib\ivl\va_math.vpi";
S_0000014efb5e8780 .scope module, "SUMADORRESTADOR_tb" "SUMADORRESTADOR_tb" 2 3;
 .timescale -9 -12;
v0000014efb64cd20_0 .var "A_tb", 3 0;
v0000014efb64d680_0 .var "B_tb", 3 0;
v0000014efb64d5e0_0 .net "COUT_EXT_tb", 0 0, L_0000014efb5e26c0;  1 drivers
v0000014efb64cc80_0 .var "OP_tb", 0 0;
v0000014efb64da40_0 .net "RESULTADO_tb", 3 0, L_0000014efb64d4a0;  1 drivers
v0000014efb64d2c0_0 .var/i "i", 31 0;
v0000014efb64d720_0 .var/i "j", 31 0;
S_0000014efb5e8910 .scope module, "uut" "SUMADORRESTADOR" 2 11, 3 1 0, S_0000014efb5e8780;
 .timescale 0 0;
    .port_info 0 /INPUT 4 "A";
    .port_info 1 /INPUT 4 "B";
    .port_info 2 /INPUT 1 "OP";
    .port_info 3 /OUTPUT 4 "RESULTADO";
    .port_info 4 /OUTPUT 1 "COUT_EXT";
L_0000014efb5e1cb0 .functor XOR 1, L_0000014efb64dd60, v0000014efb64cc80_0, C4<0>, C4<0>;
L_0000014efb5e20a0 .functor XOR 1, L_0000014efb64d400, v0000014efb64cc80_0, C4<0>, C4<0>;
L_0000014efb5e2110 .functor XOR 1, L_0000014efb64d900, v0000014efb64cc80_0, C4<0>, C4<0>;
L_0000014efb5e1f50 .functor XOR 1, L_0000014efb64cdc0, v0000014efb64cc80_0, C4<0>, C4<0>;
v0000014efb5f13d0_0 .net "A", 3 0, v0000014efb64cd20_0;  1 drivers
v0000014efb5f1510_0 .net "B", 3 0, v0000014efb64d680_0;  1 drivers
v0000014efb5f16f0_0 .net "B_XOR", 3 0, L_0000014efb64db80;  1 drivers
v0000014efb5f1830_0 .net "COUT_EXT", 0 0, L_0000014efb5e26c0;  alias, 1 drivers
v0000014efb5f1f10_0 .net "OP", 0 0, v0000014efb64cc80_0;  1 drivers
v0000014efb5f1970_0 .net "RESULTADO", 3 0, L_0000014efb64d4a0;  alias, 1 drivers
v0000014efb5f1dd0_0 .net *"_ivl_10", 0 0, L_0000014efb5e20a0;  1 drivers
v0000014efb5f1a10_0 .net *"_ivl_15", 0 0, L_0000014efb64d900;  1 drivers
v0000014efb5f2370_0 .net *"_ivl_16", 0 0, L_0000014efb5e2110;  1 drivers
v0000014efb5f1fb0_0 .net *"_ivl_22", 0 0, L_0000014efb64cdc0;  1 drivers
v0000014efb5f2190_0 .net *"_ivl_23", 0 0, L_0000014efb5e1f50;  1 drivers
v0000014efb5f2230_0 .net *"_ivl_3", 0 0, L_0000014efb64dd60;  1 drivers
v0000014efb5f2410_0 .net *"_ivl_4", 0 0, L_0000014efb5e1cb0;  1 drivers
v0000014efb5dd570_0 .net *"_ivl_9", 0 0, L_0000014efb64d400;  1 drivers
v0000014efb5dd890_0 .net "c1", 0 0, L_0000014efb5e1bd0;  1 drivers
v0000014efb64cbe0_0 .net "c2", 0 0, L_0000014efb5e2810;  1 drivers
v0000014efb64d9a0_0 .net "c3", 0 0, L_0000014efb5e2340;  1 drivers
L_0000014efb64dd60 .part v0000014efb64d680_0, 0, 1;
L_0000014efb64d400 .part v0000014efb64d680_0, 1, 1;
L_0000014efb64d900 .part v0000014efb64d680_0, 2, 1;
L_0000014efb64db80 .concat8 [ 1 1 1 1], L_0000014efb5e1cb0, L_0000014efb5e20a0, L_0000014efb5e2110, L_0000014efb5e1f50;
L_0000014efb64cdc0 .part v0000014efb64d680_0, 3, 1;
L_0000014efb64ca00 .part v0000014efb64cd20_0, 0, 1;
L_0000014efb64df40 .part L_0000014efb64db80, 0, 1;
L_0000014efb64d860 .part v0000014efb64cd20_0, 1, 1;
L_0000014efb64dae0 .part L_0000014efb64db80, 1, 1;
L_0000014efb64dc20 .part v0000014efb64cd20_0, 2, 1;
L_0000014efb64d540 .part L_0000014efb64db80, 2, 1;
L_0000014efb64c460 .part v0000014efb64cd20_0, 3, 1;
L_0000014efb64d7c0 .part L_0000014efb64db80, 3, 1;
L_0000014efb64d4a0 .concat8 [ 1 1 1 1], L_0000014efb5e2730, L_0000014efb5e21f0, L_0000014efb5e1e70, L_0000014efb5e2490;
S_0000014efb5e6fd0 .scope module, "bit0" "SUMADOR1BIT" 3 19, 3 27 0, S_0000014efb5e8910;
 .timescale 0 0;
    .port_info 0 /INPUT 1 "A_IN";
    .port_info 1 /INPUT 1 "B_IN";
    .port_info 2 /INPUT 1 "C_IN";
    .port_info 3 /OUTPUT 1 "S1_OUT";
    .port_info 4 /OUTPUT 1 "C1_OUT";
L_0000014efb5e1a10 .functor XOR 1, L_0000014efb64ca00, L_0000014efb64df40, C4<0>, C4<0>;
L_0000014efb5e2730 .functor XOR 1, L_0000014efb5e1a10, v0000014efb64cc80_0, C4<0>, C4<0>;
L_0000014efb5e1a80 .functor AND 1, L_0000014efb64ca00, L_0000014efb64df40, C4<1>, C4<1>;
L_0000014efb5e1b60 .functor XOR 1, L_0000014efb64ca00, L_0000014efb64df40, C4<0>, C4<0>;
L_0000014efb5e2180 .functor AND 1, v0000014efb64cc80_0, L_0000014efb5e1b60, C4<1>, C4<1>;
L_0000014efb5e1bd0 .functor OR 1, L_0000014efb5e1a80, L_0000014efb5e2180, C4<0>, C4<0>;
v0000014efb5f10b0_0 .net "A_IN", 0 0, L_0000014efb64ca00;  1 drivers
v0000014efb5f15b0_0 .net "B_IN", 0 0, L_0000014efb64df40;  1 drivers
v0000014efb5f1ab0_0 .net "C1_OUT", 0 0, L_0000014efb5e1bd0;  alias, 1 drivers
v0000014efb5f1b50_0 .net "C_IN", 0 0, v0000014efb64cc80_0;  alias, 1 drivers
v0000014efb5f1bf0_0 .net "S1_OUT", 0 0, L_0000014efb5e2730;  1 drivers
v0000014efb5f2e10_0 .net *"_ivl_0", 0 0, L_0000014efb5e1a10;  1 drivers
v0000014efb5f25f0_0 .net *"_ivl_4", 0 0, L_0000014efb5e1a80;  1 drivers
v0000014efb5f2a50_0 .net *"_ivl_6", 0 0, L_0000014efb5e1b60;  1 drivers
v0000014efb5f2d70_0 .net *"_ivl_8", 0 0, L_0000014efb5e2180;  1 drivers
S_0000014efb5e7160 .scope module, "bit1" "SUMADOR1BIT" 3 20, 3 27 0, S_0000014efb5e8910;
 .timescale 0 0;
    .port_info 0 /INPUT 1 "A_IN";
    .port_info 1 /INPUT 1 "B_IN";
    .port_info 2 /INPUT 1 "C_IN";
    .port_info 3 /OUTPUT 1 "S1_OUT";
    .port_info 4 /OUTPUT 1 "C1_OUT";
L_0000014efb5e27a0 .functor XOR 1, L_0000014efb64d860, L_0000014efb64dae0, C4<0>, C4<0>;
L_0000014efb5e21f0 .functor XOR 1, L_0000014efb5e27a0, L_0000014efb5e1bd0, C4<0>, C4<0>;
L_0000014efb5e2030 .functor AND 1, L_0000014efb64d860, L_0000014efb64dae0, C4<1>, C4<1>;
L_0000014efb5e1d90 .functor XOR 1, L_0000014efb64d860, L_0000014efb64dae0, C4<0>, C4<0>;
L_0000014efb5e1e00 .functor AND 1, L_0000014efb5e1bd0, L_0000014efb5e1d90, C4<1>, C4<1>;
L_0000014efb5e2810 .functor OR 1, L_0000014efb5e2030, L_0000014efb5e1e00, C4<0>, C4<0>;
v0000014efb5f2050_0 .net "A_IN", 0 0, L_0000014efb64d860;  1 drivers
v0000014efb5f2eb0_0 .net "B_IN", 0 0, L_0000014efb64dae0;  1 drivers
v0000014efb5f1e70_0 .net "C1_OUT", 0 0, L_0000014efb5e2810;  alias, 1 drivers
v0000014efb5f29b0_0 .net "C_IN", 0 0, L_0000014efb5e1bd0;  alias, 1 drivers
v0000014efb5f11f0_0 .net "S1_OUT", 0 0, L_0000014efb5e21f0;  1 drivers
v0000014efb5f24b0_0 .net *"_ivl_0", 0 0, L_0000014efb5e27a0;  1 drivers
v0000014efb5f1650_0 .net *"_ivl_4", 0 0, L_0000014efb5e2030;  1 drivers
v0000014efb5f2cd0_0 .net *"_ivl_6", 0 0, L_0000014efb5e1d90;  1 drivers
v0000014efb5f2b90_0 .net *"_ivl_8", 0 0, L_0000014efb5e1e00;  1 drivers
S_0000014efb5e3f40 .scope module, "bit2" "SUMADOR1BIT" 3 21, 3 27 0, S_0000014efb5e8910;
 .timescale 0 0;
    .port_info 0 /INPUT 1 "A_IN";
    .port_info 1 /INPUT 1 "B_IN";
    .port_info 2 /INPUT 1 "C_IN";
    .port_info 3 /OUTPUT 1 "S1_OUT";
    .port_info 4 /OUTPUT 1 "C1_OUT";
L_0000014efb5e2650 .functor XOR 1, L_0000014efb64dc20, L_0000014efb64d540, C4<0>, C4<0>;
L_0000014efb5e1e70 .functor XOR 1, L_0000014efb5e2650, L_0000014efb5e2810, C4<0>, C4<0>;
L_0000014efb5e1d20 .functor AND 1, L_0000014efb64dc20, L_0000014efb64d540, C4<1>, C4<1>;
L_0000014efb5e1ee0 .functor XOR 1, L_0000014efb64dc20, L_0000014efb64d540, C4<0>, C4<0>;
L_0000014efb5e22d0 .functor AND 1, L_0000014efb5e2810, L_0000014efb5e1ee0, C4<1>, C4<1>;
L_0000014efb5e2340 .functor OR 1, L_0000014efb5e1d20, L_0000014efb5e22d0, C4<0>, C4<0>;
v0000014efb5f2af0_0 .net "A_IN", 0 0, L_0000014efb64dc20;  1 drivers
v0000014efb5f1c90_0 .net "B_IN", 0 0, L_0000014efb64d540;  1 drivers
v0000014efb5f2550_0 .net "C1_OUT", 0 0, L_0000014efb5e2340;  alias, 1 drivers
v0000014efb5f1d30_0 .net "C_IN", 0 0, L_0000014efb5e2810;  alias, 1 drivers
v0000014efb5f2730_0 .net "S1_OUT", 0 0, L_0000014efb5e1e70;  1 drivers
v0000014efb5f27d0_0 .net *"_ivl_0", 0 0, L_0000014efb5e2650;  1 drivers
v0000014efb5f22d0_0 .net *"_ivl_4", 0 0, L_0000014efb5e1d20;  1 drivers
v0000014efb5f20f0_0 .net *"_ivl_6", 0 0, L_0000014efb5e1ee0;  1 drivers
v0000014efb5f1150_0 .net *"_ivl_8", 0 0, L_0000014efb5e22d0;  1 drivers
S_0000014efb5e40d0 .scope module, "bit3" "SUMADOR1BIT" 3 22, 3 27 0, S_0000014efb5e8910;
 .timescale 0 0;
    .port_info 0 /INPUT 1 "A_IN";
    .port_info 1 /INPUT 1 "B_IN";
    .port_info 2 /INPUT 1 "C_IN";
    .port_info 3 /OUTPUT 1 "S1_OUT";
    .port_info 4 /OUTPUT 1 "C1_OUT";
L_0000014efb5e2420 .functor XOR 1, L_0000014efb64c460, L_0000014efb64d7c0, C4<0>, C4<0>;
L_0000014efb5e2490 .functor XOR 1, L_0000014efb5e2420, L_0000014efb5e2340, C4<0>, C4<0>;
L_0000014efb5e2500 .functor AND 1, L_0000014efb64c460, L_0000014efb64d7c0, C4<1>, C4<1>;
L_0000014efb5e2570 .functor XOR 1, L_0000014efb64c460, L_0000014efb64d7c0, C4<0>, C4<0>;
L_0000014efb5e25e0 .functor AND 1, L_0000014efb5e2340, L_0000014efb5e2570, C4<1>, C4<1>;
L_0000014efb5e26c0 .functor OR 1, L_0000014efb5e2500, L_0000014efb5e25e0, C4<0>, C4<0>;
v0000014efb5f2870_0 .net "A_IN", 0 0, L_0000014efb64c460;  1 drivers
v0000014efb5f2c30_0 .net "B_IN", 0 0, L_0000014efb64d7c0;  1 drivers
v0000014efb5f1010_0 .net "C1_OUT", 0 0, L_0000014efb5e26c0;  alias, 1 drivers
v0000014efb5f18d0_0 .net "C_IN", 0 0, L_0000014efb5e2340;  alias, 1 drivers
v0000014efb5f1290_0 .net "S1_OUT", 0 0, L_0000014efb5e2490;  1 drivers
v0000014efb5f2690_0 .net *"_ivl_0", 0 0, L_0000014efb5e2420;  1 drivers
v0000014efb5f2910_0 .net *"_ivl_4", 0 0, L_0000014efb5e2500;  1 drivers
v0000014efb5f1330_0 .net *"_ivl_6", 0 0, L_0000014efb5e2570;  1 drivers
v0000014efb5f1470_0 .net *"_ivl_8", 0 0, L_0000014efb5e25e0;  1 drivers
    .scope S_0000014efb5e8780;
T_0 ;
    %vpi_call 2 16 "$dumpfile", "simulacion_total.vcd" {0 0 0};
    %vpi_call 2 17 "$dumpvars", 32'sb00000000000000000000000000000000, S_0000014efb5e8780 {0 0 0};
    %pushi/vec4 0, 0, 1;
    %store/vec4 v0000014efb64cc80_0, 0, 1;
    %pushi/vec4 0, 0, 32;
    %store/vec4 v0000014efb64d2c0_0, 0, 32;
T_0.0 ;
    %load/vec4 v0000014efb64d2c0_0;
    %cmpi/s 16, 0, 32;
    %jmp/0xz T_0.1, 5;
    %pushi/vec4 0, 0, 32;
    %store/vec4 v0000014efb64d720_0, 0, 32;
T_0.2 ;
    %load/vec4 v0000014efb64d720_0;
    %cmpi/s 16, 0, 32;
    %jmp/0xz T_0.3, 5;
    %load/vec4 v0000014efb64d2c0_0;
    %pad/s 4;
    %store/vec4 v0000014efb64cd20_0, 0, 4;
    %load/vec4 v0000014efb64d720_0;
    %pad/s 4;
    %store/vec4 v0000014efb64d680_0, 0, 4;
    %delay 5000, 0;
    %load/vec4 v0000014efb64d720_0;
    %addi 1, 0, 32;
    %store/vec4 v0000014efb64d720_0, 0, 32;
    %jmp T_0.2;
T_0.3 ;
    %load/vec4 v0000014efb64d2c0_0;
    %addi 1, 0, 32;
    %store/vec4 v0000014efb64d2c0_0, 0, 32;
    %jmp T_0.0;
T_0.1 ;
    %pushi/vec4 1, 0, 1;
    %store/vec4 v0000014efb64cc80_0, 0, 1;
    %pushi/vec4 0, 0, 32;
    %store/vec4 v0000014efb64d2c0_0, 0, 32;
T_0.4 ;
    %load/vec4 v0000014efb64d2c0_0;
    %cmpi/s 16, 0, 32;
    %jmp/0xz T_0.5, 5;
    %pushi/vec4 0, 0, 32;
    %store/vec4 v0000014efb64d720_0, 0, 32;
T_0.6 ;
    %load/vec4 v0000014efb64d720_0;
    %cmpi/s 16, 0, 32;
    %jmp/0xz T_0.7, 5;
    %load/vec4 v0000014efb64d2c0_0;
    %pad/s 4;
    %store/vec4 v0000014efb64cd20_0, 0, 4;
    %load/vec4 v0000014efb64d720_0;
    %pad/s 4;
    %store/vec4 v0000014efb64d680_0, 0, 4;
    %delay 5000, 0;
    %load/vec4 v0000014efb64d720_0;
    %addi 1, 0, 32;
    %store/vec4 v0000014efb64d720_0, 0, 32;
    %jmp T_0.6;
T_0.7 ;
    %load/vec4 v0000014efb64d2c0_0;
    %addi 1, 0, 32;
    %store/vec4 v0000014efb64d2c0_0, 0, 32;
    %jmp T_0.4;
T_0.5 ;
    %vpi_call 2 35 "$finish" {0 0 0};
    %end;
    .thread T_0;
# The file index is used to find the file name in the following table.
:file_names 4;
    "N/A";
    "<interactive>";
    "SUMADORRESTADOR_tb.v";
    "SUMADORRESTADOR.v";
