#! /c/Source/iverilog-install/bin/vvp
:ivl_version "12.0 (devel)" "(s20150603-1539-g2693dd32b)";
:ivl_delay_selection "TYPICAL";
:vpi_time_precision - 12;
:vpi_module "C:\iverilog\lib\ivl\system.vpi";
:vpi_module "C:\iverilog\lib\ivl\vhdl_sys.vpi";
:vpi_module "C:\iverilog\lib\ivl\vhdl_textio.vpi";
:vpi_module "C:\iverilog\lib\ivl\v2005_math.vpi";
:vpi_module "C:\iverilog\lib\ivl\va_math.vpi";
S_0000027bc0a2cef0 .scope module, "sumador_restador_tb" "sumador_restador_tb" 2 3;
 .timescale -9 -12;
v0000027bc0ae3930_0 .var "A_tb", 3 0;
v0000027bc0ae3ed0_0 .var "B_tb", 3 0;
v0000027bc0ae3570_0 .net "Cout_tb", 0 0, L_0000027bc0aec950;  1 drivers
v0000027bc0ae36b0_0 .net "Res_tb", 3 0, L_0000027bc0aedcb0;  1 drivers
v0000027bc0ae3610_0 .var "Sel_tb", 0 0;
v0000027bc0ae31b0_0 .var/i "i", 31 0;
v0000027bc0ae3750_0 .var/i "j", 31 0;
v0000027bc0aede90_0 .var/i "k", 31 0;
S_0000027bc0a2d080 .scope module, "uut" "sumador_restador" 2 12, 3 1 0, S_0000027bc0a2cef0;
 .timescale 0 0;
    .port_info 0 /INPUT 4 "A";
    .port_info 1 /INPUT 4 "B";
    .port_info 2 /INPUT 1 "Sel";
    .port_info 3 /OUTPUT 4 "Resultado";
    .port_info 4 /OUTPUT 1 "Cout";
L_0000027bc0a87af0 .functor XOR 1, L_0000027bc0aece50, v0000027bc0ae3610_0, C4<0>, C4<0>;
L_0000027bc0a87b60 .functor XOR 1, L_0000027bc0aec090, v0000027bc0ae3610_0, C4<0>, C4<0>;
L_0000027bc0a87460 .functor XOR 1, L_0000027bc0aed850, v0000027bc0ae3610_0, C4<0>, C4<0>;
L_0000027bc0a874d0 .functor XOR 1, L_0000027bc0aeddf0, v0000027bc0ae3610_0, C4<0>, C4<0>;
v0000027bc0a26ba0_0 .net "A", 3 0, v0000027bc0ae3930_0;  1 drivers
v0000027bc0a267d0_0 .net "B", 3 0, v0000027bc0ae3ed0_0;  1 drivers
v0000027bc0a2d210_0 .net "B_xor", 3 0, L_0000027bc0aedc10;  1 drivers
v0000027bc0a2d2b0_0 .net "Cout", 0 0, L_0000027bc0aec950;  alias, 1 drivers
v0000027bc0ae3110_0 .net "Resultado", 3 0, L_0000027bc0aedcb0;  alias, 1 drivers
v0000027bc0ae3cf0_0 .net "Sel", 0 0, v0000027bc0ae3610_0;  1 drivers
v0000027bc0ae3a70_0 .net *"_ivl_10", 0 0, L_0000027bc0a87b60;  1 drivers
v0000027bc0ae3250_0 .net *"_ivl_15", 0 0, L_0000027bc0aed850;  1 drivers
v0000027bc0ae32f0_0 .net *"_ivl_16", 0 0, L_0000027bc0a87460;  1 drivers
v0000027bc0ae3c50_0 .net *"_ivl_22", 0 0, L_0000027bc0aeddf0;  1 drivers
v0000027bc0ae3890_0 .net *"_ivl_23", 0 0, L_0000027bc0a874d0;  1 drivers
v0000027bc0ae3390_0 .net *"_ivl_28", 4 0, L_0000027bc0aedf30;  1 drivers
v0000027bc0ae3430_0 .net *"_ivl_3", 0 0, L_0000027bc0aece50;  1 drivers
L_0000027bc0aef068 .functor BUFT 1, C4<0>, C4<0>, C4<0>, C4<0>;
v0000027bc0ae34d0_0 .net *"_ivl_31", 0 0, L_0000027bc0aef068;  1 drivers
v0000027bc0ae3f70_0 .net *"_ivl_32", 4 0, L_0000027bc0aed170;  1 drivers
L_0000027bc0aef0b0 .functor BUFT 1, C4<0>, C4<0>, C4<0>, C4<0>;
v0000027bc0ae37f0_0 .net *"_ivl_35", 0 0, L_0000027bc0aef0b0;  1 drivers
v0000027bc0ae39d0_0 .net *"_ivl_36", 4 0, L_0000027bc0aecc70;  1 drivers
v0000027bc0ae3b10_0 .net *"_ivl_38", 4 0, L_0000027bc0aed0d0;  1 drivers
v0000027bc0ae3bb0_0 .net *"_ivl_4", 0 0, L_0000027bc0a87af0;  1 drivers
L_0000027bc0aef0f8 .functor BUFT 1, C4<0000>, C4<0>, C4<0>, C4<0>;
v0000027bc0ae3d90_0 .net *"_ivl_41", 3 0, L_0000027bc0aef0f8;  1 drivers
v0000027bc0ae3e30_0 .net *"_ivl_42", 4 0, L_0000027bc0aecb30;  1 drivers
v0000027bc0ae3070_0 .net *"_ivl_9", 0 0, L_0000027bc0aec090;  1 drivers
L_0000027bc0aece50 .part v0000027bc0ae3ed0_0, 0, 1;
L_0000027bc0aec090 .part v0000027bc0ae3ed0_0, 1, 1;
L_0000027bc0aed850 .part v0000027bc0ae3ed0_0, 2, 1;
L_0000027bc0aedc10 .concat8 [ 1 1 1 1], L_0000027bc0a87af0, L_0000027bc0a87b60, L_0000027bc0a87460, L_0000027bc0a874d0;
L_0000027bc0aeddf0 .part v0000027bc0ae3ed0_0, 3, 1;
L_0000027bc0aec950 .part L_0000027bc0aecb30, 4, 1;
L_0000027bc0aedcb0 .part L_0000027bc0aecb30, 0, 4;
L_0000027bc0aedf30 .concat [ 4 1 0 0], v0000027bc0ae3930_0, L_0000027bc0aef068;
L_0000027bc0aed170 .concat [ 4 1 0 0], L_0000027bc0aedc10, L_0000027bc0aef0b0;
L_0000027bc0aecc70 .arith/sum 5, L_0000027bc0aedf30, L_0000027bc0aed170;
L_0000027bc0aed0d0 .concat [ 1 4 0 0], v0000027bc0ae3610_0, L_0000027bc0aef0f8;
L_0000027bc0aecb30 .arith/sum 5, L_0000027bc0aecc70, L_0000027bc0aed0d0;
    .scope S_0000027bc0a2cef0;
T_0 ;
    %vpi_call 2 22 "$dumpfile", "simulacion_lab02.vcd" {0 0 0};
    %vpi_call 2 23 "$dumpvars", 32'sb00000000000000000000000000000000, S_0000027bc0a2cef0 {0 0 0};
    %pushi/vec4 0, 0, 32;
    %store/vec4 v0000027bc0aede90_0, 0, 32;
T_0.0 ;
    %load/vec4 v0000027bc0aede90_0;
    %cmpi/s 2, 0, 32;
    %jmp/0xz T_0.1, 5;
    %load/vec4 v0000027bc0aede90_0;
    %pad/s 1;
    %store/vec4 v0000027bc0ae3610_0, 0, 1;
    %pushi/vec4 0, 0, 32;
    %store/vec4 v0000027bc0ae31b0_0, 0, 32;
T_0.2 ;
    %load/vec4 v0000027bc0ae31b0_0;
    %cmpi/s 16, 0, 32;
    %jmp/0xz T_0.3, 5;
    %pushi/vec4 0, 0, 32;
    %store/vec4 v0000027bc0ae3750_0, 0, 32;
T_0.4 ;
    %load/vec4 v0000027bc0ae3750_0;
    %cmpi/s 16, 0, 32;
    %jmp/0xz T_0.5, 5;
    %load/vec4 v0000027bc0ae31b0_0;
    %pad/s 4;
    %store/vec4 v0000027bc0ae3930_0, 0, 4;
    %load/vec4 v0000027bc0ae3750_0;
    %pad/s 4;
    %store/vec4 v0000027bc0ae3ed0_0, 0, 4;
    %delay 10000, 0;
    %load/vec4 v0000027bc0ae3750_0;
    %addi 1, 0, 32;
    %store/vec4 v0000027bc0ae3750_0, 0, 32;
    %jmp T_0.4;
T_0.5 ;
    %load/vec4 v0000027bc0ae31b0_0;
    %addi 1, 0, 32;
    %store/vec4 v0000027bc0ae31b0_0, 0, 32;
    %jmp T_0.2;
T_0.3 ;
    %load/vec4 v0000027bc0aede90_0;
    %addi 1, 0, 32;
    %store/vec4 v0000027bc0aede90_0, 0, 32;
    %jmp T_0.0;
T_0.1 ;
    %vpi_call 2 38 "$display", "Simulacion completa. Revisa el archivo .vcd" {0 0 0};
    %vpi_call 2 39 "$finish" {0 0 0};
    %end;
    .thread T_0;
# The file index is used to find the file name in the following table.
:file_names 4;
    "N/A";
    "<interactive>";
    "sumador_restador_tb.v";
    "sumador_restador.v";
